<?xml version="1.0" encoding="UTF-8"?>
<testsuite name="TestPOMDPSanity" tests="2" skipped="0" failures="0" errors="0" timestamp="2021-06-08T03:51:30" hostname="icarus" time="0.004">
  <properties/>
  <testcase name="testPOMDPInit()" classname="TestPOMDPSanity" time="0.002"/>
  <testcase name="testPOMDPSoln()" classname="TestPOMDPSanity" time="0.001"/>
  <system-out><![CDATA[2021-06-07 23:51:30,779 [Test worker] INFO  TestPOMDPSanity - Checking if POMDPs can be initialized.
2021-06-07 23:51:30,781 [Test worker] INFO  TestPOMDPSanity - Checking if POMDPs can be solved.
]]></system-out>
  <system-err><![CDATA[]]></system-err>
</testsuite>
